<?xml version="1.0" encoding="UTF-8"?>
<!-- Generated by org.testng.reporters.JUnitXMLReporter -->
<testsuite ignored="0" hostname="DESKTOP-ABLBB1N" failures="0" tests="4" name="Test" time="10.829" errors="0" timestamp="2024-12-26T17:06:39 IST">
  <testcase classname="Day8.CreateUser" name="userCreation" time="4.113"/>
  <testcase classname="Day8.GetUser" name="userGet" time="2.211"/>
  <testcase classname="Day8.UpdateUser" name="userUpdate" time="1.878"/>
  <testcase classname="Day8.DeleteUser" name="userDelete" time="2.553"/>
</testsuite> <!-- Test -->
