<?xml version="1.0" encoding="UTF-8"?>
<!-- Generated by org.testng.reporters.JUnitXMLReporter -->
<testsuite ignored="0" hostname="DESKTOP-ABLBB1N" failures="0" tests="4" name="Test" time="13.305" errors="0" timestamp="2025-03-24T10:47:36 IST">
  <testcase classname="Day8.CreateUser" name="userCreation" time="5.41"/>
  <testcase classname="Day8.GetUser" name="userGet" time="3.238"/>
  <testcase classname="Day8.UpdateUser" name="userUpdate" time="2.057"/>
  <testcase classname="Day8.DeleteUser" name="userDelete" time="2.502"/>
</testsuite> <!-- Test -->
