<?xml version="1.0" encoding="UTF-8"?>
<testng-results ignored="0" total="4" passed="4" failed="0" skipped="0">
  <reporter-output>
  </reporter-output>
  <suite started-at="2024-12-26T17:06:28 IST" name="Suite" finished-at="2024-12-26T17:06:39 IST" duration-ms="10829">
    <groups>
    </groups>
    <test started-at="2024-12-26T17:06:28 IST" name="Test" finished-at="2024-12-26T17:06:39 IST" duration-ms="10829">
      <class name="Day8.UpdateUser">
        <test-method signature="userUpdate(org.testng.ITestContext)[pri:3, instance:Day8.UpdateUser@4c12331b]" started-at="2024-12-26T17:06:35 IST" name="userUpdate" finished-at="2024-12-26T17:06:37 IST" duration-ms="1878" status="PASS">
          <params>
            <param index="0">
              <value>
                <![CDATA[org.testng.TestRunner@cad498c]]>
              </value>
            </param>
          </params>
          <reporter-output>
          </reporter-output>
        </test-method> <!-- userUpdate -->
      </class> <!-- Day8.UpdateUser -->
      <class name="Day8.GetUser">
        <test-method signature="userGet(org.testng.ITestContext)[pri:2, instance:Day8.GetUser@1165b38]" started-at="2024-12-26T17:06:33 IST" name="userGet" finished-at="2024-12-26T17:06:35 IST" duration-ms="2211" status="PASS">
          <params>
            <param index="0">
              <value>
                <![CDATA[org.testng.TestRunner@cad498c]]>
              </value>
            </param>
          </params>
          <reporter-output>
          </reporter-output>
        </test-method> <!-- userGet -->
      </class> <!-- Day8.GetUser -->
      <class name="Day8.DeleteUser">
        <test-method signature="userDelete(org.testng.ITestContext)[pri:4, instance:Day8.DeleteUser@7586beff]" started-at="2024-12-26T17:06:37 IST" name="userDelete" finished-at="2024-12-26T17:06:39 IST" duration-ms="2553" status="PASS">
          <params>
            <param index="0">
              <value>
                <![CDATA[org.testng.TestRunner@cad498c]]>
              </value>
            </param>
          </params>
          <reporter-output>
          </reporter-output>
        </test-method> <!-- userDelete -->
      </class> <!-- Day8.DeleteUser -->
      <class name="Day8.CreateUser">
        <test-method signature="userCreation(org.testng.ITestContext)[pri:1, instance:Day8.CreateUser@6a6cb05c]" started-at="2024-12-26T17:06:28 IST" name="userCreation" finished-at="2024-12-26T17:06:33 IST" duration-ms="4113" status="PASS">
          <params>
            <param index="0">
              <value>
                <![CDATA[org.testng.TestRunner@cad498c]]>
              </value>
            </param>
          </params>
          <reporter-output>
          </reporter-output>
        </test-method> <!-- userCreation -->
      </class> <!-- Day8.CreateUser -->
    </test> <!-- Test -->
  </suite> <!-- Suite -->
</testng-results>
