<?xml version="1.0" encoding="UTF-8"?>
<testng-results ignored="0" total="4" passed="4" failed="0" skipped="0">
  <reporter-output>
  </reporter-output>
  <suite started-at="2025-03-24T10:47:23 IST" name="Suite" finished-at="2025-03-24T10:47:36 IST" duration-ms="13305">
    <groups>
    </groups>
    <test started-at="2025-03-24T10:47:23 IST" name="Test" finished-at="2025-03-24T10:47:36 IST" duration-ms="13305">
      <class name="Day8.UpdateUser">
        <test-method signature="userUpdate(org.testng.ITestContext)[pri:3, instance:Day8.UpdateUser@55183b20]" started-at="2025-03-24T10:47:32 IST" name="userUpdate" finished-at="2025-03-24T10:47:34 IST" duration-ms="2057" status="PASS">
          <params>
            <param index="0">
              <value>
                <![CDATA[org.testng.TestRunner@157853da]]>
              </value>
            </param>
          </params>
          <reporter-output>
          </reporter-output>
        </test-method> <!-- userUpdate -->
      </class> <!-- Day8.UpdateUser -->
      <class name="Day8.GetUser">
        <test-method signature="userGet(org.testng.ITestContext)[pri:2, instance:Day8.GetUser@1bd4fdd]" started-at="2025-03-24T10:47:29 IST" name="userGet" finished-at="2025-03-24T10:47:32 IST" duration-ms="3238" status="PASS">
          <params>
            <param index="0">
              <value>
                <![CDATA[org.testng.TestRunner@157853da]]>
              </value>
            </param>
          </params>
          <reporter-output>
          </reporter-output>
        </test-method> <!-- userGet -->
      </class> <!-- Day8.GetUser -->
      <class name="Day8.DeleteUser">
        <test-method signature="userDelete(org.testng.ITestContext)[pri:4, instance:Day8.DeleteUser@4f83df68]" started-at="2025-03-24T10:47:34 IST" name="userDelete" finished-at="2025-03-24T10:47:36 IST" duration-ms="2502" status="PASS">
          <params>
            <param index="0">
              <value>
                <![CDATA[org.testng.TestRunner@157853da]]>
              </value>
            </param>
          </params>
          <reporter-output>
          </reporter-output>
        </test-method> <!-- userDelete -->
      </class> <!-- Day8.DeleteUser -->
      <class name="Day8.CreateUser">
        <test-method signature="userCreation(org.testng.ITestContext)[pri:1, instance:Day8.CreateUser@67c27493]" started-at="2025-03-24T10:47:23 IST" name="userCreation" finished-at="2025-03-24T10:47:29 IST" duration-ms="5410" status="PASS">
          <params>
            <param index="0">
              <value>
                <![CDATA[org.testng.TestRunner@157853da]]>
              </value>
            </param>
          </params>
          <reporter-output>
          </reporter-output>
        </test-method> <!-- userCreation -->
      </class> <!-- Day8.CreateUser -->
    </test> <!-- Test -->
  </suite> <!-- Suite -->
</testng-results>
